
=== Wed Nov 18 11:47:55 2020

Packages were changed.
Update Mode: mergeDefaultDependencies

The following packages were added:
  com.unity.ads@2.3.1
  com.unity.analytics@3.2.2
  com.unity.package-manager-ui@2.0.3
  com.unity.purchasing@2.0.3

=== Wed Nov 18 13:11:21 2020

Packages were changed.
Update Mode: updateDependencies

The following packages were updated:
  com.unity.2d.animation from version 4.2.4 to 4.2.6
  com.unity.2d.psdimporter from version 3.1.4 to 3.1.6
  com.unity.2d.spriteshape from version 4.1.2 to 4.1.4
  com.unity.ads from version 2.3.1 to 3.5.0
  com.unity.analytics from version 3.2.2 to 3.5.3
  com.unity.collab-proxy from version 1.3.8 to 1.3.9
  com.unity.ide.visualstudio from version 2.0.2 to 2.0.3
  com.unity.ide.vscode from version 1.2.1 to 1.2.3
  com.unity.purchasing from version 2.0.3 to 2.1.1
  com.unity.test-framework from version 1.1.16 to 1.1.18
The following packages were removed:
  com.unity.package-manager-ui@2.0.3
